[01m[K/home/ebrahim/formula-carmaker-fs_2025/FCM_Projects/FS_autonomous/ros/ros2_ws/src/hellocm_cmnode/src/CMNode_ROS2_HelloCM.cpp:[m[K In member function â€˜[01m[Kvoid cm_ros::CMNodeHelloCM::odomFillMsg(nav_msgs::msg::Odometry&)[m[Kâ€™:
[01m[K/home/ebrahim/formula-carmaker-fs_2025/FCM_Projects/FS_autonomous/ros/ros2_ws/src/hellocm_cmnode/src/CMNode_ROS2_HelloCM.cpp:449:34:[m[K [01;31m[Kerror: [m[Kâ€˜[01m[KtCar[m[Kâ€™ {aka â€˜[01m[Kstruct tCar[m[Kâ€™} has no member named â€˜[01m[Kv[m[Kâ€™
  449 | [01;31m[Kv[m[K;           // Forward velocity
      | [01;31m[K^[m[K

[01m[K/home/ebrahim/formula-carmaker-fs_2025/FCM_Projects/FS_autonomous/ros/ros2_ws/src/hellocm_cmnode/src/CMNode_ROS2_HelloCM.cpp:450:34:[m[K [01;31m[Kerror: [m[Kâ€˜[01m[KtCar[m[Kâ€™ {aka â€˜[01m[Kstruct tCar[m[Kâ€™} has no member named â€˜[01m[Kvy[m[Kâ€™
  450 | [01;31m[Kvy[m[K;          // Lateral velocity
      | [01;31m[K^~[m[K

[01m[K/home/ebrahim/formula-carmaker-fs_2025/FCM_Projects/FS_autonomous/ros/ros2_ws/src/hellocm_cmnode/src/CMNode_ROS2_HelloCM.cpp:451:34:[m[K [01;31m[Kerror: [m[Kâ€˜[01m[KtCar[m[Kâ€™ {aka â€˜[01m[Kstruct tCar[m[Kâ€™} has no member named â€˜[01m[Kvz[m[Kâ€™
  451 | [01;31m[Kvz[m[K;          // Vertical velocity
      | [01;31m[K^~[m[K

gmake[2]: *** [CMakeFiles/CMNode_ROS2_HelloCM.dir/build.make:76: CMakeFiles/CMNode_ROS2_HelloCM.dir/src/CMNode_ROS2_HelloCM.cpp.o] Error 1
gmake[1]: *** [CMakeFiles/Makefile2:137: CMakeFiles/CMNode_ROS2_HelloCM.dir/all] Error 2
gmake: *** [Makefile:146: all] Error 2
