[01m[K/home/ebrahim/formula-carmaker-fs_2025/FCM_Projects/FS_autonomous/ros/ros2_ws/src/hellocm_cmnode/src/CMNode_ROS2_HelloCM.cpp:[m[K In member function â€˜[01m[Kvoid cm_ros::CMNodeHelloCM::odomFillMsg(nav_msgs::msg::Odometry&)[m[Kâ€™:
[01m[K/home/ebrahim/formula-carmaker-fs_2025/FCM_Projects/FS_autonomous/ros/ros2_ws/src/hellocm_cmnode/src/CMNode_ROS2_HelloCM.cpp:456:39:[m[K [01;31m[Kerror: [m[Kâ€˜[01m[Kstruct tCar::tFr1_Car[m[Kâ€™ has no member named â€˜[01m[Krv_0[m[Kâ€™; did you mean â€˜[01m[Kv_0[m[Kâ€™?
  456 | [01;31m[Krv_0[m[K[0];  // Roll rate
      | [01;31m[K^~~~[m[K
      | [32m[Kv_0[m[K
[01m[K/home/ebrahim/formula-carmaker-fs_2025/FCM_Projects/FS_autonomous/ros/ros2_ws/src/hellocm_cmnode/src/CMNode_ROS2_HelloCM.cpp:457:39:[m[K [01;31m[Kerror: [m[Kâ€˜[01m[Kstruct tCar::tFr1_Car[m[Kâ€™ has no member named â€˜[01m[Krv_0[m[Kâ€™; did you mean â€˜[01m[Kv_0[m[Kâ€™?
  457 | [01;31m[Krv_0[m[K[1];  // Pitch rate
      | [01;31m[K^~~~[m[K
      | [32m[Kv_0[m[K
[01m[K/home/ebrahim/formula-carmaker-fs_2025/FCM_Projects/FS_autonomous/ros/ros2_ws/src/hellocm_cmnode/src/CMNode_ROS2_HelloCM.cpp:458:39:[m[K [01;31m[Kerror: [m[Kâ€˜[01m[Kstruct tCar::tFr1_Car[m[Kâ€™ has no member named â€˜[01m[Krv_0[m[Kâ€™; did you mean â€˜[01m[Kv_0[m[Kâ€™?
  458 | [01;31m[Krv_0[m[K[2];  // Yaw rate
      | [01;31m[K^~~~[m[K
      | [32m[Kv_0[m[K
gmake[2]: *** [CMakeFiles/CMNode_ROS2_HelloCM.dir/build.make:76: CMakeFiles/CMNode_ROS2_HelloCM.dir/src/CMNode_ROS2_HelloCM.cpp.o] Error 1
gmake[1]: *** [CMakeFiles/Makefile2:137: CMakeFiles/CMNode_ROS2_HelloCM.dir/all] Error 2
gmake: *** [Makefile:146: all] Error 2
