[01m[K/home/ebrahim/formula-carmaker-fs_2025/FCM_Projects/FS_autonomous/ros/ros2_ws/src/hellocm_cmnode/src/CMNode_ROS2_HelloCM.cpp:[m[K In member function â€˜[01m[Kvoid cm_ros::CMNodeHelloCM::tireSteeringFillMsg(hellocm_msgs::msg::TireSteering&)[m[Kâ€™:
[01m[K/home/ebrahim/formula-carmaker-fs_2025/FCM_Projects/FS_autonomous/ros/ros2_ws/src/hellocm_cmnode/src/CMNode_ROS2_HelloCM.cpp:468:30:[m[K [01;31m[Kerror: [m[Kâ€˜[01m[KtCar[m[Kâ€™ {aka â€˜[01m[Kstruct tCar[m[Kâ€™} has no member named â€˜[01m[KCFL[m[Kâ€™
  468 |   msg.front_left_angle = Car.[01;31m[KCFL[m[K.rz;
      |                              [01;31m[K^~~[m[K
[01m[K/home/ebrahim/formula-carmaker-fs_2025/FCM_Projects/FS_autonomous/ros/ros2_ws/src/hellocm_cmnode/src/CMNode_ROS2_HelloCM.cpp:469:31:[m[K [01;31m[Kerror: [m[Kâ€˜[01m[KtCar[m[Kâ€™ {aka â€˜[01m[Kstruct tCar[m[Kâ€™} has no member named â€˜[01m[KCFR[m[Kâ€™
  469 |   msg.front_right_angle = Car.[01;31m[KCFR[m[K.rz;
      |                               [01;31m[K^~~[m[K
[01m[K/home/ebrahim/formula-carmaker-fs_2025/FCM_Projects/FS_autonomous/ros/ros2_ws/src/hellocm_cmnode/src/CMNode_ROS2_HelloCM.cpp:472:25:[m[K [01;31m[Kerror: [m[Kâ€˜[01m[KtCar[m[Kâ€™ {aka â€˜[01m[Kstruct tCar[m[Kâ€™} has no member named â€˜[01m[KCFL[m[Kâ€™
  472 |   msg.tire_angle = (Car.[01;31m[KCFL[m[K.rz + Car.CFR.rz) / 2.0;
      |                         [01;31m[K^~~[m[K
[01m[K/home/ebrahim/formula-carmaker-fs_2025/FCM_Projects/FS_autonomous/ros/ros2_ws/src/hellocm_cmnode/src/CMNode_ROS2_HelloCM.cpp:472:38:[m[K [01;31m[Kerror: [m[Kâ€˜[01m[KtCar[m[Kâ€™ {aka â€˜[01m[Kstruct tCar[m[Kâ€™} has no member named â€˜[01m[KCFR[m[Kâ€™
  472 |   msg.tire_angle = (Car.CFL.rz + Car.[01;31m[KCFR[m[K.rz) / 2.0;
      |                                      [01;31m[K^~~[m[K
gmake[3]: *** [CMakeFiles/CMNode_ROS2_HelloCM.dir/build.make:76: CMakeFiles/CMNode_ROS2_HelloCM.dir/src/CMNode_ROS2_HelloCM.cpp.o] Error 1
gmake[2]: *** [CMakeFiles/Makefile2:137: CMakeFiles/CMNode_ROS2_HelloCM.dir/all] Error 2
gmake[1]: *** [Makefile:146: all] Error 2
